-------------------------------------------------------------------------------
Test set: com.example.obrestdatajpa.ObRestDatajpaApplicationTests
-------------------------------------------------------------------------------
Tests run: 1, Failures: 0, Errors: 1, Skipped: 0, Time elapsed: 41.87 s <<< FAILURE! - in com.example.obrestdatajpa.ObRestDatajpaApplicationTests
contextLoads  Time elapsed: 0.041 s  <<< ERROR!
java.lang.IllegalStateException: Failed to load ApplicationContext
Caused by: org.springframework.context.ApplicationContextException: Failed to start bean 'documentationPluginsBootstrapper'; nested exception is java.lang.NullPointerException
Caused by: java.lang.NullPointerException

